2024-11-12 19:24:51,088:ERROR:Error occurred while extracting vehicle information: Message: 
Stacktrace:
	GetHandleVerifier [0x00B0EBD3+24307]
	(No symbol) [0x00A98D74]
	(No symbol) [0x0097C323]
	(No symbol) [0x009BDC86]
	(No symbol) [0x009BDECB]
	(No symbol) [0x009FB9F2]
	(No symbol) [0x009DFED4]
	(No symbol) [0x009F9579]
	(No symbol) [0x009DFC26]
	(No symbol) [0x009B219C]
	(No symbol) [0x009B311D]
	GetHandleVerifier [0x00DB8D93+2818227]
	GetHandleVerifier [0x00E1542E+3196750]
	GetHandleVerifier [0x00E0D9D2+3165426]
	GetHandleVerifier [0x00BADA70+675216]
	(No symbol) [0x00AA1B3D]
	(No symbol) [0x00A9EA18]
	(No symbol) [0x00A9EBB5]
	(No symbol) [0x00A91640]
	BaseThreadInitThunk [0x7686FCC9+25]
	RtlGetAppContainerNamedObjectPath [0x76FE809E+286]
	RtlGetAppContainerNamedObjectPath [0x76FE806E+238]

2024-11-12 19:50:01,003:ERROR:Error occurred while extracting vehicle information: Message: 
Stacktrace:
	GetHandleVerifier [0x0057EBD3+24307]
	(No symbol) [0x00508D74]
	(No symbol) [0x003EC323]
	(No symbol) [0x0042DC86]
	(No symbol) [0x0042DECB]
	(No symbol) [0x0046B9F2]
	(No symbol) [0x0044FED4]
	(No symbol) [0x00469579]
	(No symbol) [0x0044FC26]
	(No symbol) [0x0042219C]
	(No symbol) [0x0042311D]
	GetHandleVerifier [0x00828D93+2818227]
	GetHandleVerifier [0x0088542E+3196750]
	GetHandleVerifier [0x0087D9D2+3165426]
	GetHandleVerifier [0x0061DA70+675216]
	(No symbol) [0x00511B3D]
	(No symbol) [0x0050EA18]
	(No symbol) [0x0050EBB5]
	(No symbol) [0x00501640]
	BaseThreadInitThunk [0x7686FCC9+25]
	RtlGetAppContainerNamedObjectPath [0x76FE809E+286]
	RtlGetAppContainerNamedObjectPath [0x76FE806E+238]

2024-11-12 19:59:46,734:ERROR:Error occurred while extracting vehicle information: Message: element click intercepted: Element <a data-linkname="dealer-inventory-all" data-activity-rule-type="page-over-page" data-component="search-results" href="/dealers/5375542/clear-choice-automotive-south/inventory/">...</a> is not clickable at point (508, 851). Other element would receive the click: <div id="onetrust-policy-text">...</div>
  (Session info: chrome=130.0.6723.117)
Stacktrace:
	GetHandleVerifier [0x00FCEBD3+24307]
	(No symbol) [0x00F58D74]
	(No symbol) [0x00E3C323]
	(No symbol) [0x00E83B07]
	(No symbol) [0x00E81F79]
	(No symbol) [0x00E7FE64]
	(No symbol) [0x00E7F45E]
	(No symbol) [0x00E7415D]
	(No symbol) [0x00E9FE8C]
	(No symbol) [0x00E73C14]
	(No symbol) [0x00EA0124]
	(No symbol) [0x00EB9579]
	(No symbol) [0x00E9FC26]
	(No symbol) [0x00E7219C]
	(No symbol) [0x00E7311D]
	GetHandleVerifier [0x01278D93+2818227]
	GetHandleVerifier [0x012D542E+3196750]
	GetHandleVerifier [0x012CD9D2+3165426]
	GetHandleVerifier [0x0106DA70+675216]
	(No symbol) [0x00F61B3D]
	(No symbol) [0x00F5EA18]
	(No symbol) [0x00F5EBB5]
	(No symbol) [0x00F51640]
	BaseThreadInitThunk [0x7686FCC9+25]
	RtlGetAppContainerNamedObjectPath [0x76FE809E+286]
	RtlGetAppContainerNamedObjectPath [0x76FE806E+238]

